<?xml version="1.0" encoding="UTF-8"?>
<testng-results skipped="0" failed="0" ignored="0" total="2" passed="2">
  <reporter-output>
  </reporter-output>
  <suite name="Default suite" duration-ms="29279" started-at="2019-07-24T23:38:40Z" finished-at="2019-07-24T23:39:09Z">
    <groups>
    </groups>
    <test name="Default test" duration-ms="29279" started-at="2019-07-24T23:38:40Z" finished-at="2019-07-24T23:39:09Z">
      <class name="ukwebsite.zoopla">
        <test-method status="PASS" signature="setup()[pri:0, instance:ukwebsite.zoopla@643b1d11]" name="setup" is-config="true" duration-ms="7167" started-at="2019-07-24T19:38:40Z" finished-at="2019-07-24T19:38:47Z">
          <reporter-output>
          </reporter-output>
        </test-method> <!-- setup -->
        <test-method status="PASS" signature="home_price()[pri:0, instance:ukwebsite.zoopla@643b1d11]" name="home_price" duration-ms="17170" started-at="2019-07-24T19:38:47Z" finished-at="2019-07-24T19:39:04Z">
          <reporter-output>
          </reporter-output>
        </test-method> <!-- home_price -->
        <test-method status="PASS" signature="click_on_element()[pri:1, instance:ukwebsite.zoopla@643b1d11]" name="click_on_element" duration-ms="4122" started-at="2019-07-24T19:39:04Z" finished-at="2019-07-24T19:39:08Z">
          <reporter-output>
          </reporter-output>
        </test-method> <!-- click_on_element -->
        <test-method status="PASS" signature="window_close()[pri:0, instance:ukwebsite.zoopla@643b1d11]" name="window_close" is-config="true" duration-ms="780" started-at="2019-07-24T19:39:08Z" finished-at="2019-07-24T19:39:09Z">
          <reporter-output>
          </reporter-output>
        </test-method> <!-- window_close -->
      </class> <!-- ukwebsite.zoopla -->
    </test> <!-- Default test -->
  </suite> <!-- Default suite -->
</testng-results>
